<?xml version="1.0" encoding="UTF-8"?>
<!-- Generated by org.testng.reporters.JUnitReportReporter -->
<testsuite hostname="DESKTOP-401KMEB" failures="0" tests="2" name="FirstProject.ValidateTitle" time="115.946" errors="0" timestamp="2022-06-06T10:36:31 IST" skipped="0">
  <testcase classname="FirstProject.ValidateTitle" name="validateHeader" time="0.039"/>
  <system-out/>
  <testcase classname="FirstProject.ValidateTitle" name="basePageNavigation" time="115.907"/>
  <system-out/>
</testsuite> <!-- FirstProject.ValidateTitle -->
